<?xml version="1.0" encoding="UTF-8"?>
<!-- Generated by org.testng.reporters.JUnitXMLReporter -->
<testsuite hostname="dmitriy-System-Product-Name" ignored="0" name="eDocReportTest" tests="12" failures="0" timestamp="2019-02-01T14:33:53 EET" time="119.332" errors="0">
  <testcase name="checkSearchOnDocsTypes" time="2.439" classname="tests.TestRunner"/>
  <testcase name="checkSortedAsc" time="8.118" classname="tests.TestRunner"/>
  <testcase name="checkSortedAsc" time="7.653" classname="tests.TestRunner"/>
  <testcase name="checkSortedAsc" time="7.348" classname="tests.TestRunner"/>
  <testcase name="checkSortedAsc" time="7.012" classname="tests.TestRunner"/>
  <testcase name="checkSortedAsc" time="7.187" classname="tests.TestRunner"/>
  <testcase name="checkSortedDesc" time="6.907" classname="tests.TestRunner"/>
  <testcase name="checkSortedDesc" time="7.065" classname="tests.TestRunner"/>
  <testcase name="checkSortedDesc" time="7.347" classname="tests.TestRunner"/>
  <testcase name="checkSortedDesc" time="7.075" classname="tests.TestRunner"/>
  <testcase name="checkSortedDesc" time="7.304" classname="tests.TestRunner"/>
  <testcase name="createNewDocument" time="1.188" classname="tests.TestRunner"/>
</testsuite> <!-- eDocReportTest -->
