<?xml version="1.0" encoding="UTF-8"?>
<!-- Generated by org.testng.reporters.JUnitXMLReporter -->
<testsuite hostname="dmitriy-System-Product-Name" ignored="2" name="eDocReportTest" tests="9" failures="0" timestamp="2019-02-11T12:02:31 EET" time="257.473" errors="0">
  <testcase name="checkAddVersion" time="3.752" classname="tests.TestRunner"/>
  <testcase name="checkCopyDocumentWithVersion" time="16.875" classname="tests.TestRunner"/>
  <testcase name="checkCopyDocumentWithoutVersion" time="16.086" classname="tests.TestRunner"/>
  <testcase name="checkCopyReport" time="30.037" classname="tests.TestRunner"/>
  <testcase name="checkSearchOnDocsTypes" time="4.659" classname="tests.TestRunner"/>
  <testcase name="createNewDocument" time="10.961" classname="tests.TestRunner"/>
  <testcase name="createNewDocumentWithVersion" time="11.604" classname="tests.TestRunner"/>
  <testcase name="createNewReportDeclarationJ0301206" time="42.882" classname="tests.TestRunner"/>
  <testcase name="createNewReportDeclarationS0501408" time="101.061" classname="tests.TestRunner"/>
  <testcase name="checkSortedDesc" time="0.0" classname="tests.TestRunner">
    <ignored/>
  </testcase> <!-- checkSortedDesc -->
  <testcase name="checkSortedAsc" time="0.0" classname="tests.TestRunner">
    <ignored/>
  </testcase> <!-- checkSortedAsc -->
</testsuite> <!-- eDocReportTest -->
