<?xml version="1.0" encoding="UTF-8"?>
<testsuite xmlns:xsi="http://www.w3.org/2001/XMLSchema-instance" xsi:noNamespaceSchemaLocation="https://maven.apache.org/surefire/maven-surefire-plugin/xsd/surefire-test-report.xsd" name="TestSuite" time="258.831" tests="9" errors="0" skipped="0" failures="0">
  <properties>
[...]
</properties>
  <testcase name="checkAddVersion" classname="tests.TestRunner" time="3.75"/>
  <testcase name="checkCopyDocumentWithVersion" classname="tests.TestRunner" time="16.88"/>
  <testcase name="checkCopyDocumentWithoutVersion" classname="tests.TestRunner" time="16.087"/>
  <testcase name="checkCopyReport" classname="tests.TestRunner" time="30.037"/>
  <testcase name="checkSearchOnDocsTypes" classname="tests.TestRunner" time="4.659"/>
  <testcase name="createNewDocument" classname="tests.TestRunner" time="10.962"/>
  <testcase name="createNewDocumentWithVersion" classname="tests.TestRunner" time="11.604"/>
  <testcase name="createNewReportDeclarationJ0301206" classname="tests.TestRunner" time="42.883"/>
  <testcase name="createNewReportDeclarationS0501408" classname="tests.TestRunner" time="101.061"/>
</testsuite>