<?xml version="1.0" encoding="UTF-8"?>
<testng-results skipped="0" failed="0" ignored="2" total="11" passed="9">
  <reporter-output>
  </reporter-output>
  <suite name="Документы и отчеты" duration-ms="257473" started-at="2019-02-11T11:58:14 EET" finished-at="2019-02-11T12:02:31 EET">
    <groups>
    </groups>
    <test name="eDocReportTest" duration-ms="257473" started-at="2019-02-11T11:58:14 EET" finished-at="2019-02-11T12:02:31 EET">
      <class name="tests.TestRunner">
        <test-method status="PASS" signature="setUp()[pri:0, instance:tests.TestRunner@740abb5]" name="setUp" is-config="true" duration-ms="57" started-at="2019-02-11T11:58:14 EET" finished-at="2019-02-11T11:58:14 EET">
          <reporter-output>
          </reporter-output>
        </test-method> <!-- setUp -->
        <test-method status="PASS" signature="authorization()[pri:0, instance:tests.TestRunner@740abb5]" name="authorization" is-config="true" duration-ms="6779" started-at="2019-02-11T11:58:14 EET" finished-at="2019-02-11T11:58:21 EET">
          <reporter-output>
          </reporter-output>
        </test-method> <!-- authorization -->
        <test-method status="PASS" signature="checkAddVersion()[pri:0, instance:tests.TestRunner@740abb5]" name="checkAddVersion" duration-ms="3752" started-at="2019-02-11T11:58:21 EET" description="создание и удаления новых версий в документе" finished-at="2019-02-11T11:58:24 EET">
          <reporter-output>
          </reporter-output>
        </test-method> <!-- checkAddVersion -->
        <test-method status="PASS" signature="authorization()[pri:0, instance:tests.TestRunner@740abb5]" name="authorization" is-config="true" duration-ms="1652" started-at="2019-02-11T11:58:24 EET" finished-at="2019-02-11T11:58:26 EET">
          <reporter-output>
          </reporter-output>
        </test-method> <!-- authorization -->
        <test-method status="PASS" signature="checkCopyDocumentWithVersion()[pri:0, instance:tests.TestRunner@740abb5]" name="checkCopyDocumentWithVersion" duration-ms="16875" started-at="2019-02-11T11:58:26 EET" description="Создание копии документа с версией" finished-at="2019-02-11T11:58:43 EET">
          <reporter-output>
          </reporter-output>
        </test-method> <!-- checkCopyDocumentWithVersion -->
        <test-method status="PASS" signature="authorization()[pri:0, instance:tests.TestRunner@740abb5]" name="authorization" is-config="true" duration-ms="1376" started-at="2019-02-11T11:58:43 EET" finished-at="2019-02-11T11:58:44 EET">
          <reporter-output>
          </reporter-output>
        </test-method> <!-- authorization -->
        <test-method status="PASS" signature="checkCopyDocumentWithoutVersion()[pri:0, instance:tests.TestRunner@740abb5]" name="checkCopyDocumentWithoutVersion" duration-ms="16086" started-at="2019-02-11T11:58:44 EET" description="Создание копии документа без версии" finished-at="2019-02-11T11:59:00 EET">
          <reporter-output>
          </reporter-output>
        </test-method> <!-- checkCopyDocumentWithoutVersion -->
        <test-method status="PASS" signature="authorization()[pri:0, instance:tests.TestRunner@740abb5]" name="authorization" is-config="true" duration-ms="1476" started-at="2019-02-11T11:59:00 EET" finished-at="2019-02-11T11:59:02 EET">
          <reporter-output>
          </reporter-output>
        </test-method> <!-- authorization -->
        <test-method status="PASS" signature="checkCopyReport()[pri:0, instance:tests.TestRunner@740abb5]" name="checkCopyReport" duration-ms="30037" started-at="2019-02-11T11:59:02 EET" description="Копирование отчета (S0501408)" finished-at="2019-02-11T11:59:32 EET">
          <reporter-output>
          </reporter-output>
        </test-method> <!-- checkCopyReport -->
        <test-method status="PASS" signature="authorization()[pri:0, instance:tests.TestRunner@740abb5]" name="authorization" is-config="true" duration-ms="1690" started-at="2019-02-11T11:59:32 EET" finished-at="2019-02-11T11:59:34 EET">
          <reporter-output>
          </reporter-output>
        </test-method> <!-- authorization -->
        <test-method status="PASS" signature="checkSearchOnDocsTypes()[pri:0, instance:tests.TestRunner@740abb5]" name="checkSearchOnDocsTypes" duration-ms="4659" started-at="2019-02-11T11:59:34 EET" description="Поиск документа &quot;S0210110&quot;" finished-at="2019-02-11T11:59:38 EET">
          <reporter-output>
          </reporter-output>
        </test-method> <!-- checkSearchOnDocsTypes -->
        <test-method status="PASS" signature="authorization()[pri:0, instance:tests.TestRunner@740abb5]" name="authorization" is-config="true" duration-ms="1364" started-at="2019-02-11T11:59:38 EET" finished-at="2019-02-11T11:59:40 EET">
          <reporter-output>
          </reporter-output>
        </test-method> <!-- authorization -->
        <test-method status="PASS" signature="createNewDocument()[pri:0, instance:tests.TestRunner@740abb5]" name="createNewDocument" duration-ms="10961" started-at="2019-02-11T11:59:40 EET" description="Создание нового документа без указания версии" finished-at="2019-02-11T11:59:51 EET">
          <reporter-output>
          </reporter-output>
        </test-method> <!-- createNewDocument -->
        <test-method status="PASS" signature="authorization()[pri:0, instance:tests.TestRunner@740abb5]" name="authorization" is-config="true" duration-ms="1790" started-at="2019-02-11T11:59:51 EET" finished-at="2019-02-11T11:59:52 EET">
          <reporter-output>
          </reporter-output>
        </test-method> <!-- authorization -->
        <test-method status="PASS" signature="createNewDocumentWithVersion()[pri:0, instance:tests.TestRunner@740abb5]" name="createNewDocumentWithVersion" duration-ms="11604" started-at="2019-02-11T11:59:52 EET" description="Создание нового документа с указанием версии" finished-at="2019-02-11T12:00:04 EET">
          <reporter-output>
          </reporter-output>
        </test-method> <!-- createNewDocumentWithVersion -->
        <test-method status="PASS" signature="authorization()[pri:0, instance:tests.TestRunner@740abb5]" name="authorization" is-config="true" duration-ms="1354" started-at="2019-02-11T12:00:04 EET" finished-at="2019-02-11T12:00:05 EET">
          <reporter-output>
          </reporter-output>
        </test-method> <!-- authorization -->
        <test-method status="PASS" signature="createNewReportDeclarationJ0301206()[pri:0, instance:tests.TestRunner@740abb5]" name="createNewReportDeclarationJ0301206" duration-ms="42882" started-at="2019-02-11T12:00:05 EET" description="Создать новый документ (J0301206)" finished-at="2019-02-11T12:00:48 EET">
          <reporter-output>
          </reporter-output>
        </test-method> <!-- createNewReportDeclarationJ0301206 -->
        <test-method status="PASS" signature="authorization()[pri:0, instance:tests.TestRunner@740abb5]" name="authorization" is-config="true" duration-ms="1880" started-at="2019-02-11T12:00:48 EET" finished-at="2019-02-11T12:00:50 EET">
          <reporter-output>
          </reporter-output>
        </test-method> <!-- authorization -->
        <test-method status="PASS" signature="createNewReportDeclarationS0501408()[pri:0, instance:tests.TestRunner@740abb5]" name="createNewReportDeclarationS0501408" duration-ms="101061" started-at="2019-02-11T12:00:50 EET" description="Создать новый документ (S0501408)" finished-at="2019-02-11T12:02:31 EET">
          <reporter-output>
          </reporter-output>
        </test-method> <!-- createNewReportDeclarationS0501408 -->
      </class> <!-- tests.TestRunner -->
    </test> <!-- eDocReportTest -->
  </suite> <!-- Документы и отчеты -->
</testng-results>
